{
  "/Users/marinelangrez/Documents/Github/forum-anonyme/api/index.js": {
    "path": "/Users/marinelangrez/Documents/Github/forum-anonyme/api/index.js",
    "statementMap": {
      "0": {
        "start": { "line": 1, "column": 16 },
        "end": { "line": 1, "column": 34 }
      },
      "1": {
        "start": { "line": 2, "column": 13 },
        "end": { "line": 2, "column": 28 }
      },
      "2": {
        "start": { "line": 3, "column": 12 },
        "end": { "line": 3, "column": 21 }
      },
      "3": {
        "start": { "line": 4, "column": 22 },
        "end": { "line": 4, "column": 50 }
      },
      "4": {
        "start": { "line": 6, "column": 0 },
        "end": { "line": 6, "column": 16 }
      },
      "5": {
        "start": { "line": 7, "column": 0 },
        "end": { "line": 7, "column": 24 }
      },
      "6": {
        "start": { "line": 9, "column": 0 },
        "end": { "line": 9, "column": 36 }
      },
      "7": {
        "start": { "line": 11, "column": 0 },
        "end": { "line": 11, "column": 69 }
      },
      "8": {
        "start": { "line": 11, "column": 30 },
        "end": { "line": 11, "column": 67 }
      },
      "9": {
        "start": { "line": 12, "column": 0 },
        "end": { "line": 12, "column": 66 }
      },
      "10": {
        "start": { "line": 12, "column": 25 },
        "end": { "line": 12, "column": 64 }
      },
      "11": {
        "start": { "line": 15, "column": 0 },
        "end": { "line": 17, "column": 1 }
      },
      "12": {
        "start": { "line": 16, "column": 2 },
        "end": { "line": 16, "column": 63 }
      },
      "13": {
        "start": { "line": 16, "column": 25 },
        "end": { "line": 16, "column": 61 }
      },
      "14": {
        "start": { "line": 19, "column": 0 },
        "end": { "line": 19, "column": 21 }
      }
    },
    "fnMap": {
      "0": {
        "name": "(anonymous_0)",
        "decl": {
          "start": { "line": 11, "column": 18 },
          "end": { "line": 11, "column": 19 }
        },
        "loc": {
          "start": { "line": 11, "column": 30 },
          "end": { "line": 11, "column": 67 }
        },
        "line": 11
      },
      "1": {
        "name": "(anonymous_1)",
        "decl": {
          "start": { "line": 12, "column": 13 },
          "end": { "line": 12, "column": 14 }
        },
        "loc": {
          "start": { "line": 12, "column": 25 },
          "end": { "line": 12, "column": 64 }
        },
        "line": 12
      },
      "2": {
        "name": "(anonymous_2)",
        "decl": {
          "start": { "line": 16, "column": 19 },
          "end": { "line": 16, "column": 20 }
        },
        "loc": {
          "start": { "line": 16, "column": 25 },
          "end": { "line": 16, "column": 61 }
        },
        "line": 16
      }
    },
    "branchMap": {
      "0": {
        "loc": {
          "start": { "line": 15, "column": 0 },
          "end": { "line": 17, "column": 1 }
        },
        "type": "if",
        "locations": [
          {
            "start": { "line": 15, "column": 0 },
            "end": { "line": 17, "column": 1 }
          },
          { "start": {}, "end": {} }
        ],
        "line": 15
      }
    },
    "s": {
      "0": 1,
      "1": 1,
      "2": 1,
      "3": 1,
      "4": 1,
      "5": 1,
      "6": 1,
      "7": 1,
      "8": 1,
      "9": 1,
      "10": 0,
      "11": 1,
      "12": 0,
      "13": 0,
      "14": 1
    },
    "f": { "0": 1, "1": 0, "2": 0 },
    "b": { "0": [0, 1] },
    "_coverageSchema": "1a1c01bbd47fc00a2c39e90264f33305004495a9",
    "hash": "293a057c707600274fbc397b05a46994df3d4038"
  },
  "/Users/marinelangrez/Documents/Github/forum-anonyme/api/routes/messages.js": {
    "path": "/Users/marinelangrez/Documents/Github/forum-anonyme/api/routes/messages.js",
    "statementMap": {
      "0": {
        "start": { "line": 1, "column": 16 },
        "end": { "line": 1, "column": 34 }
      },
      "1": {
        "start": { "line": 2, "column": 15 },
        "end": { "line": 2, "column": 31 }
      },
      "2": {
        "start": { "line": 3, "column": 13 },
        "end": { "line": 3, "column": 29 }
      },
      "3": {
        "start": { "line": 5, "column": 0 },
        "end": { "line": 14, "column": 3 }
      },
      "4": {
        "start": { "line": 6, "column": 2 },
        "end": { "line": 13, "column": 3 }
      },
      "5": {
        "start": { "line": 7, "column": 21 },
        "end": { "line": 9, "column": 5 }
      },
      "6": {
        "start": { "line": 10, "column": 4 },
        "end": { "line": 10, "column": 19 }
      },
      "7": {
        "start": { "line": 12, "column": 4 },
        "end": { "line": 12, "column": 84 }
      },
      "8": {
        "start": { "line": 17, "column": 0 },
        "end": { "line": 32, "column": 3 }
      },
      "9": {
        "start": { "line": 18, "column": 27 },
        "end": { "line": 18, "column": 35 }
      },
      "10": {
        "start": { "line": 19, "column": 2 },
        "end": { "line": 21, "column": 3 }
      },
      "11": {
        "start": { "line": 20, "column": 4 },
        "end": { "line": 20, "column": 75 }
      },
      "12": {
        "start": { "line": 23, "column": 2 },
        "end": { "line": 31, "column": 3 }
      },
      "13": {
        "start": { "line": 24, "column": 21 },
        "end": { "line": 27, "column": 5 }
      },
      "14": {
        "start": { "line": 28, "column": 4 },
        "end": { "line": 28, "column": 34 }
      },
      "15": {
        "start": { "line": 30, "column": 4 },
        "end": { "line": 30, "column": 83 }
      },
      "16": {
        "start": { "line": 34, "column": 0 },
        "end": { "line": 48, "column": 3 }
      },
      "17": {
        "start": { "line": 35, "column": 17 },
        "end": { "line": 35, "column": 27 }
      },
      "18": {
        "start": { "line": 37, "column": 2 },
        "end": { "line": 47, "column": 3 }
      },
      "19": {
        "start": { "line": 38, "column": 21 },
        "end": { "line": 38, "column": 83 }
      },
      "20": {
        "start": { "line": 40, "column": 4 },
        "end": { "line": 42, "column": 5 }
      },
      "21": {
        "start": { "line": 41, "column": 6 },
        "end": { "line": 41, "column": 66 }
      },
      "22": {
        "start": { "line": 44, "column": 4 },
        "end": { "line": 44, "column": 22 }
      },
      "23": {
        "start": { "line": 46, "column": 4 },
        "end": { "line": 46, "column": 83 }
      },
      "24": {
        "start": { "line": 51, "column": 0 },
        "end": { "line": 63, "column": 3 }
      },
      "25": {
        "start": { "line": 52, "column": 2 },
        "end": { "line": 62, "column": 3 }
      },
      "26": {
        "start": { "line": 53, "column": 25 },
        "end": { "line": 55, "column": 6 }
      },
      "27": {
        "start": { "line": 56, "column": 4 },
        "end": { "line": 58, "column": 5 }
      },
      "28": {
        "start": { "line": 57, "column": 6 },
        "end": { "line": 57, "column": 66 }
      },
      "29": {
        "start": { "line": 59, "column": 4 },
        "end": { "line": 59, "column": 32 }
      },
      "30": {
        "start": { "line": 61, "column": 4 },
        "end": { "line": 61, "column": 86 }
      },
      "31": {
        "start": { "line": 65, "column": 0 },
        "end": { "line": 65, "column": 24 }
      }
    },
    "fnMap": {
      "0": {
        "name": "(anonymous_0)",
        "decl": {
          "start": { "line": 5, "column": 16 },
          "end": { "line": 5, "column": 17 }
        },
        "loc": {
          "start": { "line": 5, "column": 36 },
          "end": { "line": 14, "column": 1 }
        },
        "line": 5
      },
      "1": {
        "name": "(anonymous_1)",
        "decl": {
          "start": { "line": 17, "column": 17 },
          "end": { "line": 17, "column": 18 }
        },
        "loc": {
          "start": { "line": 17, "column": 37 },
          "end": { "line": 32, "column": 1 }
        },
        "line": 17
      },
      "2": {
        "name": "(anonymous_2)",
        "decl": {
          "start": { "line": 34, "column": 19 },
          "end": { "line": 34, "column": 20 }
        },
        "loc": {
          "start": { "line": 34, "column": 39 },
          "end": { "line": 48, "column": 1 }
        },
        "line": 34
      },
      "3": {
        "name": "(anonymous_3)",
        "decl": {
          "start": { "line": 51, "column": 22 },
          "end": { "line": 51, "column": 23 }
        },
        "loc": {
          "start": { "line": 51, "column": 42 },
          "end": { "line": 63, "column": 1 }
        },
        "line": 51
      }
    },
    "branchMap": {
      "0": {
        "loc": {
          "start": { "line": 19, "column": 2 },
          "end": { "line": 21, "column": 3 }
        },
        "type": "if",
        "locations": [
          {
            "start": { "line": 19, "column": 2 },
            "end": { "line": 21, "column": 3 }
          },
          { "start": {}, "end": {} }
        ],
        "line": 19
      },
      "1": {
        "loc": {
          "start": { "line": 19, "column": 6 },
          "end": { "line": 19, "column": 22 }
        },
        "type": "binary-expr",
        "locations": [
          {
            "start": { "line": 19, "column": 6 },
            "end": { "line": 19, "column": 13 }
          },
          {
            "start": { "line": 19, "column": 17 },
            "end": { "line": 19, "column": 22 }
          }
        ],
        "line": 19
      },
      "2": {
        "loc": {
          "start": { "line": 40, "column": 4 },
          "end": { "line": 42, "column": 5 }
        },
        "type": "if",
        "locations": [
          {
            "start": { "line": 40, "column": 4 },
            "end": { "line": 42, "column": 5 }
          },
          { "start": {}, "end": {} }
        ],
        "line": 40
      },
      "3": {
        "loc": {
          "start": { "line": 56, "column": 4 },
          "end": { "line": 58, "column": 5 }
        },
        "type": "if",
        "locations": [
          {
            "start": { "line": 56, "column": 4 },
            "end": { "line": 58, "column": 5 }
          },
          { "start": {}, "end": {} }
        ],
        "line": 56
      }
    },
    "s": {
      "0": 1,
      "1": 1,
      "2": 1,
      "3": 1,
      "4": 1,
      "5": 1,
      "6": 1,
      "7": 0,
      "8": 1,
      "9": 2,
      "10": 2,
      "11": 1,
      "12": 1,
      "13": 1,
      "14": 1,
      "15": 0,
      "16": 1,
      "17": 0,
      "18": 0,
      "19": 0,
      "20": 0,
      "21": 0,
      "22": 0,
      "23": 0,
      "24": 1,
      "25": 0,
      "26": 0,
      "27": 0,
      "28": 0,
      "29": 0,
      "30": 0,
      "31": 1
    },
    "f": { "0": 1, "1": 2, "2": 0, "3": 0 },
    "b": { "0": [1, 1], "1": [2, 1], "2": [0, 0], "3": [0, 0] },
    "_coverageSchema": "1a1c01bbd47fc00a2c39e90264f33305004495a9",
    "hash": "093cf699e9399c58bb6a0f246eff4a89253daa92"
  }
}
